
================================================================
======== txAdmin Starting - 14/03/2022, 6:14:20 pm              
================================================================
[18:15:02] [alv_game] created admins file
[18:15:34] [alv_game] Changing global/fxserver settings via setup stepper.
[18:20:03] [alv_game] RESTART SERVER
[18:26:34] [alv_game] RESTART SERVER
[18:31:54] [alv_game] RESTART SERVER
[18:34:13] [alv_game] RESTART SERVER
[18:36:19] [alv_game] RESTART SERVER
[18:38:10] [alv_game] RESTART SERVER
[18:54:54] [alv_game] RESTART SERVER
[20:13:07] [alv_game] RESTART SERVER
[21:00:03] [alv_game] RESTART SERVER
[09:39:24] [alv_game] RESTART SERVER
[09:55:27] [alv_game] RESTART SERVER
[10:33:19] [alv_game] RESTART SERVER
[10:38:14] [alv_game] RESTART SERVER
[10:44:07] [alv_game] RESTART SERVER
[11:02:43] [alv_game] RESTART SERVER
[11:03:19] [alv_game] RESTART SERVER
[11:44:54] [alv_game] RESTART SERVER

================================================================
======== txAdmin Starting - 15/03/2022, 7:53:39 pm              
================================================================

================================================================
======== txAdmin Starting - 15/03/2022, 7:56:28 pm              
================================================================
