
================================================================
======== txAdmin Starting - 14/03/2022, 6:14:20 pm              
================================================================
[6:15:45 pm] txAdmin: Logger started
[6:20:15 pm] txAdmin: Logger started
[6:20:46 pm] [wWJ6Q#1] Alv: joined with identifiers [license:b83b4940a2133c701fdbef0d202cb3db04b1ff44; xbl:2535460916316566; live:914797980480562; discord:841666761409560616; license2:b83b4940a2133c701fdbef0d202cb3db04b1ff44]
[6:24:05 pm] [wWJ6Q#1] Alv: disconnected
[6:26:47 pm] txAdmin: Logger started
[6:26:56 pm] [XBYfM#1] Alv: joined with identifiers [license:b83b4940a2133c701fdbef0d202cb3db04b1ff44; xbl:2535460916316566; live:914797980480562; discord:841666761409560616; license2:b83b4940a2133c701fdbef0d202cb3db04b1ff44]
[6:27:44 pm] [XBYfM#1] Alv: disconnected
[6:32:06 pm] txAdmin: Logger started
[6:32:26 pm] [MqJfj#1] Alv: joined with identifiers [license:b83b4940a2133c701fdbef0d202cb3db04b1ff44; xbl:2535460916316566; live:914797980480562; discord:841666761409560616; license2:b83b4940a2133c701fdbef0d202cb3db04b1ff44]
[6:34:27 pm] txAdmin: Logger started
[6:35:13 pm] [ecwRg#1] Alv: joined with identifiers [license:b83b4940a2133c701fdbef0d202cb3db04b1ff44; xbl:2535460916316566; live:914797980480562; discord:841666761409560616; license2:b83b4940a2133c701fdbef0d202cb3db04b1ff44]
[6:36:32 pm] txAdmin: Logger started
[6:37:21 pm] [PbFj6#1] Alv: joined with identifiers [license:b83b4940a2133c701fdbef0d202cb3db04b1ff44; xbl:2535460916316566; live:914797980480562; discord:841666761409560616; license2:b83b4940a2133c701fdbef0d202cb3db04b1ff44]
[6:38:23 pm] txAdmin: Logger started
[6:39:03 pm] [FpQiW#1] Alv: joined with identifiers [license:b83b4940a2133c701fdbef0d202cb3db04b1ff44; xbl:2535460916316566; live:914797980480562; discord:841666761409560616; license2:b83b4940a2133c701fdbef0d202cb3db04b1ff44]
[6:39:56 pm] [FpQiW#1] Alv: ([1] Alv): said "a"
[6:40:14 pm] [FpQiW#1] Alv: ([1] Alv): said "a"
[6:40:47 pm] [FpQiW#1] Alv: ([1] Alv): said "A"
[6:41:48 pm] [FpQiW#1] Alv: said "/dv"
[6:41:57 pm] [FpQiW#1] Alv: said "/dv"
[6:42:01 pm] [FpQiW#1] Alv: said "/dv"
[6:45:37 pm] [FpQiW#1] Alv: said "/givemoney"
[6:48:49 pm] [FpQiW#1] Alv: said "/togchat"
[6:50:06 pm] [FpQiW#1] Alv: disconnected
[6:55:06 pm] txAdmin: Logger started
[6:55:31 pm] [QzYhb#1] Alv: joined with identifiers [license:b83b4940a2133c701fdbef0d202cb3db04b1ff44; xbl:2535460916316566; live:914797980480562; discord:841666761409560616; license2:b83b4940a2133c701fdbef0d202cb3db04b1ff44]
[7:02:24 pm] [QzYhb#1] Alv: disconnected
[8:14:47 pm] txAdmin: Logger started
[8:15:20 pm] [n8May#1] Alv: joined with identifiers [license:b83b4940a2133c701fdbef0d202cb3db04b1ff44; xbl:2535460916316566; live:914797980480562; discord:841666761409560616; license2:b83b4940a2133c701fdbef0d202cb3db04b1ff44]
[8:17:08 pm] [n8May#2] Denisa: joined with identifiers [license:e0bf76699ace57892d9123f0fe949e8746d4a69d; discord:789552186932854804; license2:e0bf76699ace57892d9123f0fe949e8746d4a69d]
[8:18:59 pm] [n8May#1] Alv: said "/dv"
[8:22:06 pm] [n8May#1] Alv: said "/dv"
[8:24:13 pm] [n8May#1] Alv: said "/dv"
[8:36:36 pm] [n8May#2] Denisa: ([2] Denisa): said "."
[8:36:42 pm] [n8May#1] Alv: ([1] Alv): said "."
[8:40:53 pm] [n8May#2] Denisa: said "/dv"
[8:41:04 pm] [n8May#2] Denisa: ([2] Denisa): said "."
[8:41:19 pm] [n8May#2] Denisa: ([2] Denisa): said "."
[8:44:24 pm] [n8May#2] Denisa: ([2] Denisa): said "."
[8:45:27 pm] [n8May#1] Alv: ([1] Alv): said "a"
[8:50:48 pm] [n8May#1] Alv: ([1] Alv): said "tin"
[8:50:50 pm] [n8May#1] Alv: ([1] Alv): said "si nu apare"
[8:51:00 pm] [n8May#1] Alv: ([1] Alv): said "TIN"
[8:53:17 pm] [n8May#2] Denisa: ([2] Denisa): said "."
[8:53:48 pm] [n8May#2] Denisa: ([2] Denisa): said "."
[8:54:13 pm] [n8May#2] Denisa: ([2] Denisa): said "."
[8:56:06 pm] [n8May#2] Denisa: ([2] Denisa): said "."
[9:00:03 pm] [n8May#1] Alv: disconnected
[9:00:03 pm] [n8May#2] Denisa: disconnected
[9:00:16 pm] txAdmin: Logger started
[9:00:52 pm] [Ji3wA#1] Denisa: joined with identifiers [license:e0bf76699ace57892d9123f0fe949e8746d4a69d; discord:789552186932854804; license2:e0bf76699ace57892d9123f0fe949e8746d4a69d]
[9:01:00 pm] [Ji3wA#2] Alv: joined with identifiers [license:b83b4940a2133c701fdbef0d202cb3db04b1ff44; xbl:2535460916316566; live:914797980480562; discord:841666761409560616; license2:b83b4940a2133c701fdbef0d202cb3db04b1ff44]
[9:05:18 pm] [Ji3wA#1] Denisa: said "/fix"
[9:06:10 pm] [Ji3wA#1] Denisa: said "/fix"
[9:06:37 pm] [Ji3wA#1] Denisa: said "/fix"
[9:08:03 pm] [Ji3wA#1] Denisa: said "/fix"
[9:08:16 pm] [Ji3wA#1] Denisa: said "/fix"
[9:09:21 pm] [Ji3wA#1] Denisa: said "/fix"
[9:09:56 pm] [Ji3wA#2] Alv: said "/joinvw"
[9:10:02 pm] [Ji3wA#1] Denisa: said "/dv"
[9:10:05 pm] [Ji3wA#2] Alv: said "/joinvw 1 vw"
[9:10:57 pm] [Ji3wA#2] Alv: said "/war"
[9:10:59 pm] [Ji3wA#2] Alv: said "/turf"
[9:13:03 pm] [Ji3wA#2] Alv: said "/startwars"
[9:13:08 pm] [Ji3wA#2] Alv: said "/startwar"
[9:15:21 pm] [Ji3wA#2] Alv: said "/spawn"
[9:15:25 pm] [Ji3wA#2] Alv: said "/turf"
[9:15:29 pm] [Ji3wA#2] Alv: said "/startwar"
[9:15:33 pm] [Ji3wA#2] Alv: said "/vw"
[9:15:38 pm] [Ji3wA#2] Alv: said "/startvw"
[9:21:22 pm] [Ji3wA#1] Denisa: said "/dv"
[9:23:08 pm] [Ji3wA#1] Denisa: said "/dv"
[9:23:51 pm] [Ji3wA#2] Alv: disconnected
[9:24:11 pm] [Ji3wA#1] Denisa: disconnected
[9:58:15 pm] [Ji3wA#3] Alv: joined with identifiers [license:b83b4940a2133c701fdbef0d202cb3db04b1ff44; xbl:2535460916316566; live:914797980480562; discord:841666761409560616; license2:b83b4940a2133c701fdbef0d202cb3db04b1ff44]
[9:59:31 pm] [Ji3wA#3] Alv: said "/createturf"
[9:59:47 pm] [Ji3wA#3] Alv: said "/createturf"
[9:59:53 pm] [Ji3wA#3] Alv: ([1] Alv): said "createturf"
[9:59:57 pm] [Ji3wA#3] Alv: said "/createturf"
[10:01:37 pm] [Ji3wA#3] Alv: disconnected
