
================================================================
======== Log Rotated - 15/03/2022, 12:00:00 am                  
================================================================
[9:40:59 am] txAdmin: Logger started
[9:41:37 am] [m977b#1] Alv: joined with identifiers [license:b83b4940a2133c701fdbef0d202cb3db04b1ff44; xbl:2535460916316566; live:914797980480562; discord:841666761409560616; license2:b83b4940a2133c701fdbef0d202cb3db04b1ff44]
[9:43:15 am] [m977b#1] Alv: said "/startwar"
[9:43:45 am] [m977b#1] Alv: said "/turf"
[9:43:51 am] [m977b#1] Alv: said "/createturf"
[9:43:56 am] [m977b#1] Alv: said "/startwar"
[9:45:47 am] [m977b#1] Alv: disconnected
[9:56:29 am] txAdmin: Logger started
[10:33:51 am] txAdmin: Logger started
[10:34:49 am] [BrdxF#1] Alv: joined with identifiers [license:b83b4940a2133c701fdbef0d202cb3db04b1ff44; xbl:2535460916316566; live:914797980480562; discord:841666761409560616; license2:b83b4940a2133c701fdbef0d202cb3db04b1ff44]
[10:35:35 am] [BrdxF#1] Alv: ([1] Alv): said "lol"
[10:36:06 am] [BrdxF#1] Alv: disconnected
[10:36:51 am] [BrdxF#2] Alv: joined with identifiers [license:b83b4940a2133c701fdbef0d202cb3db04b1ff44; xbl:2535460916316566; live:914797980480562; discord:841666761409560616; license2:b83b4940a2133c701fdbef0d202cb3db04b1ff44]
[10:37:39 am] [BrdxF#2] Alv: ([1] Alv): said "a"
[10:37:42 am] [BrdxF#2] Alv: ([1] Alv): said "a"
[10:37:49 am] [BrdxF#2] Alv: disconnected
[10:38:26 am] txAdmin: Logger started
[10:39:38 am] [JrGQf#1] Alv: joined with identifiers [license:b83b4940a2133c701fdbef0d202cb3db04b1ff44; xbl:2535460916316566; live:914797980480562; discord:841666761409560616; license2:b83b4940a2133c701fdbef0d202cb3db04b1ff44]
[10:40:15 am] [JrGQf#1] Alv: disconnected
[10:44:19 am] txAdmin: Logger started
[10:44:57 am] [PUceC#1] Alv: joined with identifiers [license:b83b4940a2133c701fdbef0d202cb3db04b1ff44; xbl:2535460916316566; live:914797980480562; discord:841666761409560616; license2:b83b4940a2133c701fdbef0d202cb3db04b1ff44]
[10:45:29 am] [PUceC#1] Alv: ([1] Alv): said "A"
[10:45:35 am] [PUceC#1] Alv: ([1] Alv): said "nu mere telefonu"
[10:45:56 am] [PUceC#1] Alv: disconnected
[11:02:55 am] txAdmin: Logger started
[11:03:31 am] txAdmin: Logger started
[11:03:54 am] [NtNnG#1] Alv: joined with identifiers [license:b83b4940a2133c701fdbef0d202cb3db04b1ff44; xbl:2535460916316566; live:914797980480562; discord:841666761409560616; license2:b83b4940a2133c701fdbef0d202cb3db04b1ff44]
[11:04:29 am] [NtNnG#1] Alv: ([1] Alv): said "a"
[11:04:36 am] [NtNnG#1] Alv: said "/vw"
[11:05:12 am] [NtNnG#1] Alv: said "/war"
[11:05:15 am] [NtNnG#1] Alv: said "/createwar"
[11:05:19 am] [NtNnG#1] Alv: said "/createturf"
[11:06:51 am] [NtNnG#1] Alv: said "/dv"
[11:07:25 am] [NtNnG#1] Alv: said "/createturf"
[11:07:28 am] [NtNnG#1] Alv: said "/turf"
[11:07:31 am] [NtNnG#1] Alv: said "/startwar"
[11:07:39 am] [NtNnG#1] Alv: said "/paintball"
[11:07:41 am] [NtNnG#1] Alv: said "/test"
[11:07:48 am] [NtNnG#1] Alv: said "/help"
[11:14:11 am] [NtNnG#1] Alv: disconnected
[11:18:10 am] [NtNnG#2] Alv: joined with identifiers [license:b83b4940a2133c701fdbef0d202cb3db04b1ff44; xbl:2535460916316566; live:914797980480562; discord:841666761409560616; license2:b83b4940a2133c701fdbef0d202cb3db04b1ff44]
[11:21:54 am] [NtNnG#2] Alv: disconnected
[11:45:04 am] txAdmin: Logger started
[11:45:30 am] [8BAhF#1] Alv: joined with identifiers [license:b83b4940a2133c701fdbef0d202cb3db04b1ff44; xbl:2535460916316566; live:914797980480562; discord:841666761409560616; license2:b83b4940a2133c701fdbef0d202cb3db04b1ff44]
[11:49:00 am] [8BAhF#1] Alv: said "/dv"
[11:50:55 am] [8BAhF#1] Alv: said "/revive"
[11:51:00 am] [8BAhF#1] Alv: said "/area"
[11:56:07 am] [8BAhF#1] Alv: disconnected

================================================================
======== txAdmin Starting - 15/03/2022, 7:53:39 pm              
================================================================
[7:55:31 pm] txAdmin: Logger started

================================================================
======== txAdmin Starting - 15/03/2022, 7:56:28 pm              
================================================================
[7:56:38 pm] txAdmin: Logger started
[7:57:14 pm] [xKk7Y#1] Denisa: joined with identifiers [license:e0bf76699ace57892d9123f0fe949e8746d4a69d; discord:789552186932854804; license2:e0bf76699ace57892d9123f0fe949e8746d4a69d]
[8:05:45 pm] [xKk7Y#1] Denisa: said "/fix"
[8:06:10 pm] [xKk7Y#1] Denisa: said "/fix"
[8:06:26 pm] [xKk7Y#1] Denisa: said "/fix"
[8:07:06 pm] [xKk7Y#1] Denisa: said "/dv"
[8:10:09 pm] [xKk7Y#1] Denisa: said "/dv"
[8:19:17 pm] [xKk7Y#1] Denisa: said "/fix"
[8:22:11 pm] [xKk7Y#1] Denisa: ([2] Denisa): said "k"
[8:22:59 pm] [xKk7Y#2] bossu: joined with identifiers [license:b83b4940a2133c701fdbef0d202cb3db04b1ff44; xbl:2535460916316566; live:914797980480562; discord:841666761409560616; license2:b83b4940a2133c701fdbef0d202cb3db04b1ff44]
[8:23:28 pm] [xKk7Y#2] bossu: ([1] bossu): said "eu sunt ownerul"
[8:23:33 pm] [xKk7Y#2] bossu: ([1] bossu): said "fraiere"
[8:23:48 pm] [xKk7Y#2] bossu: ([1] bossu): said "e"
[8:23:48 pm] [xKk7Y#1] Denisa: ([2] Denisa): said "."
[8:24:08 pm] [xKk7Y#2] bossu: ([1] bossu): said "denisa"
[8:24:11 pm] [xKk7Y#2] bossu: ([1] bossu): said "tp"
[8:24:41 pm] [xKk7Y#2] bossu: ([1] bossu): said "eu am micul stricat"
[8:24:51 pm] [xKk7Y#1] Denisa: ([2] Denisa): said "urca frate"
[8:26:02 pm] [xKk7Y#1] Denisa: ([2] Denisa): said "mane, vrei sa testam turf?"
[8:26:09 pm] [xKk7Y#2] bossu: ([1] bossu): said "avem nev de 6 oameni"
[8:26:21 pm] [xKk7Y#1] Denisa: ([2] Denisa): said "atunci 1v1"
[8:26:38 pm] [xKk7Y#2] bossu: ([1] bossu): said "fara arme de calibru mare"
[8:28:54 pm] [xKk7Y#2] bossu: ([1] bossu): said "nu campa"
[8:28:58 pm] [xKk7Y#2] bossu: ([1] bossu): said "esti prost"
[8:29:00 pm] [xKk7Y#1] Denisa: ([2] Denisa): said "ok"
[8:29:59 pm] [xKk7Y#2] bossu: ([1] bossu): said "am scos tinta "
[8:30:05 pm] [xKk7Y#1] Denisa: ([2] Denisa): said "stai mane ca nu mai am tinta"
[8:30:13 pm] [xKk7Y#1] Denisa: ([2] Denisa): said "bag-o din nou"
[8:30:19 pm] [xKk7Y#2] bossu: ([1] bossu): said "nu"
[8:30:32 pm] [xKk7Y#2] bossu: ([1] bossu): said "e mai real asa"
[8:30:38 pm] [xKk7Y#1] Denisa: ([2] Denisa): said "mi-ai zis sa nu campez"
[8:32:06 pm] [xKk7Y#1] Denisa: ([2] Denisa): said "da-ti tp la mine"
[8:36:24 pm] [xKk7Y#2] bossu: ([1] bossu): said "gata 1v1"
[8:37:01 pm] [xKk7Y#1] Denisa: ([2] Denisa): said "1V1 CU ARME DE CALIBRU MARE"
[8:38:51 pm] [xKk7Y#1] Denisa: ([2] Denisa): said "frate vrei sa jucam deceit?"
[8:38:52 pm] [xKk7Y#2] bossu: ([1] bossu): said "nu"
[8:38:57 pm] [xKk7Y#1] Denisa: ([2] Denisa): said "muie"
[8:39:00 pm] [xKk7Y#2] bossu: ([1] bossu): said "si tie"
[8:39:10 pm] [xKk7Y#1] Denisa: died from AP Pistol by bossu
[8:39:15 pm] [xKk7Y#1] Denisa: died from AP Pistol by bossu
[8:39:16 pm] [xKk7Y#1] Denisa: ([2] Denisa): said "stai frate sa imi iau si eu arme"
[8:39:58 pm] [xKk7Y#1] Denisa: said "/dv"
[8:41:41 pm] [xKk7Y#2] bossu: ([1] bossu): said "hai sa vedem pompierii"
[8:41:43 pm] [xKk7Y#2] bossu: ([1] bossu): said "in actiune"
[8:42:35 pm] [xKk7Y#2] bossu: ([1] bossu): said "tp la mine"
[8:42:40 pm] [xKk7Y#2] bossu: ([1] bossu): said "tp la mine"
[8:42:46 pm] [xKk7Y#2] bossu: ([1] bossu): said "far aarma"
[8:42:49 pm] [xKk7Y#2] bossu: ([1] bossu): said "fara arma"
[8:43:25 pm] [xKk7Y#2] bossu: ([1] bossu): said "AM ZIS NU ARMA"
[8:43:28 pm] [xKk7Y#2] bossu: ([1] bossu): said "ESTI PROST RAU"
[8:44:04 pm] [xKk7Y#1] Denisa: ([2] Denisa): said "te superi daca trag in tine"
[8:44:45 pm] [xKk7Y#2] bossu: ([1] bossu): said "nunu"
[8:44:46 pm] [xKk7Y#2] bossu: ([1] bossu): said "lasa"
[8:44:48 pm] [xKk7Y#2] bossu: ([1] bossu): said "testez"
[8:44:52 pm] [xKk7Y#2] bossu: ([1] bossu): said "pompierii"
[8:45:00 pm] [xKk7Y#2] bossu: ([1] bossu): said "NU SCOATE ARMA"
[8:46:03 pm] [xKk7Y#2] bossu: ([1] bossu): said "LOL CE PROSTI SUNT POMPIERII"
[8:46:13 pm] [xKk7Y#1] Denisa: said "/fix"
[8:49:50 pm] [xKk7Y#1] Denisa: ([2] Denisa): said "scoate arma"
[8:51:31 pm] [xKk7Y#2] bossu: ([1] bossu): said "tpauza"
[8:51:32 pm] [xKk7Y#2] bossu: ([1] bossu): said "pauza"
[8:51:34 pm] [xKk7Y#2] bossu: ([1] bossu): said "gay"
[8:53:00 pm] [xKk7Y#2] bossu: disconnected
[8:53:04 pm] [xKk7Y#1] Denisa: disconnected
